%!Adobe-FontList 1.14
%Locale:0x409

%BeginFont
Handler:DirectoryHandler
FontType:Type1
FontName:HelveticaNeueLTStd-Bd
FamilyName:Helvetica Neue LT Std
StyleName:75 Bold
MenuName:HelveticaNeueLT Std
StyleBits:2
WeightClass:700
WidthClass:5
AngleClass:0
FullName:Helvetica Neue LT Std 75 Bold
WritingScript:Roman
OutlineFileName:\HelveticaNeueLTStd-Bd.otf
DataFormat:sfntData
UsesStandardEncoding:yes
isCFF:yes
FileLength:30124
FileModTime:1512478214
DesignSize:120
%EndFont

%BeginFont
Handler:DirectoryHandler
FontType:Type1
FontName:NewCenturySchlbkLTStd-It
FamilyName:New Century Schoolbook LT Std
StyleName:Italic
MenuName:NewCenturySchlbk LT Std
StyleBits:1
WeightClass:400
WidthClass:5
AngleClass:1
FullName:New Century Schoolbook LT Std Italic
WritingScript:Roman
OutlineFileName:\NewCenturySchlbkLTStd-It.otf
DataFormat:sfntData
UsesStandardEncoding:yes
isCFF:yes
FileLength:36268
FileModTime:1518009419
DesignSize:120
%EndFont

%BeginFont
Handler:DirectoryHandler
FontType:Type1
FontName:TimesLTStd-Bold
FamilyName:Times LT Std
StyleName:Bold
MenuName:Times LT Std
StyleBits:2
WeightClass:700
WidthClass:5
AngleClass:0
FullName:Times LT Std Bold
WritingScript:Roman
OutlineFileName:\TimesLTStd-Bold.otf
DataFormat:sfntData
UsesStandardEncoding:yes
isCFF:yes
FileLength:49496
FileModTime:1512478067
DesignSize:120
%EndFont

%BeginFont
Handler:DirectoryHandler
FontType:Type1
FontName:NewCenturySchlbkLTStd-Bd
FamilyName:New Century Schoolbook LT Std
StyleName:Bold
MenuName:NewCenturySchlbk LT Std
StyleBits:2
WeightClass:700
WidthClass:5
AngleClass:0
FullName:New Century Schoolbook LT Std Bold
WritingScript:Roman
OutlineFileName:\NewCenturySchlbkLTStd-Bd.otf
DataFormat:sfntData
UsesStandardEncoding:yes
isCFF:yes
FileLength:33984
FileModTime:1512478495
DesignSize:120
%EndFont

%BeginFont
Handler:DirectoryHandler
FontType:Type1
FontName:NewCenturySchlbkLTStd-Roman
FamilyName:New Century Schoolbook LT Std
StyleName:Roman
MenuName:NewCenturySchlbk LT Std
StyleBits:0
WeightClass:400
WidthClass:5
AngleClass:0
FullName:New Century Schoolbook LT Std Roman
WritingScript:Roman
OutlineFileName:\NewCenturySchlbkLTStd-Roman.otf
DataFormat:sfntData
UsesStandardEncoding:yes
isCFF:yes
FileLength:34776
FileModTime:1512478368
DesignSize:120
%EndFont

%BeginFont
Handler:DirectoryHandler
FontType:Type1
FontName:HelveticaNeueLTStd-Roman
FamilyName:Helvetica Neue LT Std
StyleName:55 Roman
MenuName:HelveticaNeueLT Std
StyleBits:0
WeightClass:400
WidthClass:5
AngleClass:0
FullName:Helvetica Neue LT Std 55 Roman
WritingScript:Roman
OutlineFileName:\HelveticaNeueLTStd-Roman.otf
DataFormat:sfntData
UsesStandardEncoding:yes
isCFF:yes
FileLength:29788
FileModTime:1516358606
DesignSize:120
%EndFont

