%!Adobe-FontList 1.17
%Locale:0x409

%BeginFont
Handler:DirectoryHandler
FontType:TrueType
FontName:Arial-BoldMT
FamilyName:Arial
StyleName:Bold
MenuName:Arial
StyleBits:2
WeightClass:700
WidthClass:5
AngleClass:0
FullName:Arial Bold
WritingScript:Roman
OutlineFileName:\Arial Bold.ttf
DataFormat:sfntData
FileLength:750984
FileModTime:1510111969
NameArray:0,Mac,4,Arial Bold
NameArray:0,Win,1,Arial
%EndFont

%BeginFont
Handler:DirectoryHandler
FontType:TrueType
FontName:ArialMT
FamilyName:Arial
StyleName:Regular
MenuName:Arial
StyleBits:0
WeightClass:400
WidthClass:5
AngleClass:0
FullName:Arial
WritingScript:Roman
OutlineFileName:\Arial.ttf
DataFormat:sfntData
FileLength:773236
FileModTime:1510111969
NameArray:0,Mac,4,Arial
NameArray:0,Win,1,Arial
%EndFont

%BeginFont
Handler:DirectoryHandler
FontType:Type1
FontName:DowPBold
FamilyName:Dow
StyleName:PBold
MenuName:Dow
StyleBits:2
WeightClass:700
WidthClass:5
AngleClass:0
FullName:DowPBold
WritingScript:Roman
OutlineFileName:\DowPBold.otf
DataFormat:sfntData
UsesStandardEncoding:yes
isCFF:yes
FileLength:31124
FileModTime:1513675702
NameArray:0,Mac,4,DowPBold
NameArray:0,Win,1,Dow
%EndFont

%BeginFont
Handler:DirectoryHandler
FontType:Type1
FontName:DowPRoman
FamilyName:Dow
StyleName:PRoman
MenuName:Dow
StyleBits:0
WeightClass:500
WidthClass:5
AngleClass:0
FullName:DowPRoman
WritingScript:Roman
OutlineFileName:\DowPRoman.otf
DataFormat:sfntData
UsesStandardEncoding:yes
isCFF:yes
FileLength:30464
FileModTime:1513675882
NameArray:0,Mac,4,DowPRoman
NameArray:0,Win,1,Dow
%EndFont

%BeginFont
Handler:DirectoryHandler
FontType:Type1
FontName:Helvetica-Narrow
FamilyName:Helvetica
StyleName:Narrow
MenuName:Helvetica
StyleBits:0
WeightClass:500
WidthClass:3
AngleClass:0
FullName:Helvetica Narrow
WritingScript:Roman
OutlineFileName:\Helvetica-Narrow.otf
DataFormat:sfntData
UsesStandardEncoding:yes
isCFF:yes
FileLength:19492
FileModTime:1513675794
NameArray:0,Mac,4,Helvetica Narrow
NameArray:0,Win,1,Helvetica
%EndFont

